<?xml version="1.0" encoding="UTF-8"?>
<!-- Generated by org.testng.reporters.JUnitReportReporter -->
<testsuite skipped="0" hostname="DESKTOP-0622E79" name="Automation.OpenMRS.OpenMRS_Test" tests="8" failures="0" timestamp="9 Oct 2022 16:23:35 GMT" time="48.052" errors="0">
  <testcase name="Register_test" time="10.606" classname="Automation.OpenMRS.OpenMRS_Test"/>
  <testcase name="Login_test" time="1.814" classname="Automation.OpenMRS.OpenMRS_Test"/>
  <testcase name="bookAppointment_Test" time="8.286" classname="Automation.OpenMRS.OpenMRS_Test"/>
  <testcase name="addAttachment_Test" time="13.187" classname="Automation.OpenMRS.OpenMRS_Test"/>
  <testcase name="delete_Test" time="3.318" classname="Automation.OpenMRS.OpenMRS_Test"/>
  <testcase name="findPatient_test" time="2.662" classname="Automation.OpenMRS.OpenMRS_Test"/>
  <testcase name="viewPatient_Test" time="1.514" classname="Automation.OpenMRS.OpenMRS_Test"/>
  <testcase name="logout_Test" time="6.665" classname="Automation.OpenMRS.OpenMRS_Test"/>
</testsuite> <!-- Automation.OpenMRS.OpenMRS_Test -->
